This is XeTeX, Version 3.14159265-2.6-0.99999 (TeX Live 2019/dev/Debian) (preloaded format=xelatex 2023.7.17)  17 JUL 2023 13:54
entering extended mode
 restricted \write18 enabled.
 %&-line parsing enabled.
**resume.tex
(./resume.tex
LaTeX2e <2018-12-01>
(./resume-knyte.cls
Document Class: resume-knyte 2017/08/02 resume class
(/usr/share/texlive/texmf-dist/tex/latex/base/article.cls
Document Class: article 2018/09/03 v1.4i Standard LaTeX document class
(/usr/share/texlive/texmf-dist/tex/latex/base/size10.clo
File: size10.clo 2018/09/03 v1.4i Standard LaTeX file (size option)
)
\c@part=\count80
\c@section=\count81
\c@subsection=\count82
\c@subsubsection=\count83
\c@paragraph=\count84
\c@subparagraph=\count85
\c@figure=\count86
\c@table=\count87
\abovecaptionskip=\skip41
\belowcaptionskip=\skip42
\bibindent=\dimen102
)
(/usr/share/texlive/texmf-dist/tex/latex/base/fontenc.sty
Package: fontenc 2018/08/11 v2.0j Standard LaTeX package


! Package fontenc Error: Encoding file `t2aenc.def' not found.
(fontenc)                You might have misspelt the name of the encoding.

See the fontenc package documentation for explanation.
Type  H <return>  for immediate help.
 ...                                              
                                                  
l.104 \ProcessOptions*
                       
Here is how much of TeX's memory you used:
 412 strings out of 494868
 3867 string characters out of 6175715
 60349 words of memory out of 5000000
 4421 multiletter control sequences out of 15000+600000
 3648 words of font info for 15 fonts, out of 8000000 for 9000
 14 hyphenation exceptions out of 8191
 28i,0n,20p,137b,40s stack positions out of 5000i,500n,10000p,200000b,80000s

No pages of output.
